2025-10-03 11:05:04.400 [pool-3-thread-1] INFO  com.rs.mv.mvvs.client.catalog.from.scan.CurrentPathScanner - [client:400205]scan file in current open file directory(C:/Users/MADELYN/Desktop/ITClub/resources/js/pages/tabs)
2025-10-03 11:10:20.240 [pool-3-thread-1] INFO  com.rs.mv.mvvs.client.catalog.from.scan.CurrentPathScanner - [client:400205]scan file in current open file directory(C:/Users/MADELYN/Desktop/ITClub/app/Http/Controllers)
2025-10-03 11:11:12.484 [pool-3-thread-1] INFO  com.rs.mv.mvvs.client.catalog.from.scan.CurrentPathScanner - [client:400205]scan file in current open file directory(C:/Users/MADELYN/Desktop/ITClub/resources/js/pages/tabs)
2025-10-03 11:11:13.601 [pool-3-thread-1] INFO  com.rs.mv.mvvs.client.catalog.from.scan.CurrentPathScanner - [client:400205]scan file in current open file directory(C:/Users/MADELYN/Desktop/ITClub/resources/js/pages)
2025-10-03 11:11:36.825 [pool-3-thread-1] INFO  com.rs.mv.mvvs.client.catalog.from.scan.CurrentPathScanner - [client:400205]scan file in current open file directory(C:/Users/MADELYN/Desktop/ITClub/resources/js/pages/tabs)
2025-10-03 11:12:48.078 [pool-3-thread-1] INFO  com.rs.mv.mvvs.client.catalog.from.scan.CurrentPathScanner - [client:400205]scan file in current open file directory(C:/Users/MADELYN/Desktop/ITClub/app/Http/Controllers)
2025-10-03 11:12:48.730 [pool-3-thread-1] INFO  com.rs.mv.mvvs.client.catalog.from.scan.CurrentPathScanner - [client:400205]scan file in current open file directory(C:/Users/MADELYN/Desktop/ITClub/app/Http/Controllers)
2025-10-03 11:13:27.255 [pool-3-thread-1] INFO  com.rs.mv.mvvs.client.catalog.from.scan.CurrentPathScanner - [client:400205]scan file in current open file directory(C:/Users/MADELYN/Desktop/ITClub/resources/js/pages/tabs)
2025-10-03 11:13:38.951 [pool-3-thread-1] INFO  com.rs.mv.mvvs.client.catalog.from.scan.CurrentPathScanner - [client:400205]scan file in current open file directory(C:/Users/MADELYN/Desktop/ITClub/resources/js/pages)
2025-10-03 11:13:50.237 [pool-3-thread-1] INFO  com.rs.mv.mvvs.client.catalog.from.scan.CurrentPathScanner - [client:400205]scan file in current open file directory(C:/Users/MADELYN/Desktop/ITClub/resources/js/pages/tabs)
2025-10-03 11:16:03.948 [pool-3-thread-1] INFO  com.rs.mv.mvvs.client.catalog.from.scan.CurrentPathScanner - [client:400205]scan file in current open file directory(C:/Users/MADELYN/Desktop/ITClub/routes)
2025-10-03 11:16:35.770 [pool-3-thread-1] INFO  com.rs.mv.mvvs.client.catalog.from.scan.CurrentPathScanner - [client:400205]scan file in current open file directory(C:/Users/MADELYN/Desktop/ITClub/app/Http/Controllers)
2025-10-03 11:17:59.562 [pool-3-thread-1] INFO  com.rs.mv.mvvs.client.catalog.from.scan.CurrentPathScanner - [client:400205]scan file in current open file directory(C:/Users/MADELYN/Desktop/ITClub/resources/js/pages/tabs)
2025-10-03 11:18:22.347 [pool-3-thread-1] INFO  com.rs.mv.mvvs.client.catalog.from.scan.CurrentPathScanner - [client:400205]scan file in current open file directory(C:/Users/MADELYN/Desktop/ITClub/routes)
2025-10-03 11:19:31.766 [pool-3-thread-1] INFO  com.rs.mv.mvvs.client.catalog.from.scan.CurrentPathScanner - [client:400205]scan file in current open file directory(C:/Users/MADELYN/Desktop/ITClub/resources/js/pages/tabs)
2025-10-03 11:54:18.317 [pool-3-thread-1] INFO  com.rs.mv.mvvs.client.catalog.from.scan.CurrentPathScanner - [client:400205]scan file in current open file directory(C:/Users/MADELYN/Desktop/ITClub/routes)
2025-10-03 12:00:37.529 [pool-3-thread-1] INFO  com.rs.mv.mvvs.client.catalog.from.scan.CurrentPathScanner - [client:400205]scan file in current open file directory(C:/Users/MADELYN/Desktop/ITClub/app/Http/Controllers)
2025-10-03 12:00:46.768 [pool-3-thread-1] INFO  com.rs.mv.mvvs.client.catalog.from.scan.CurrentPathScanner - [client:400205]scan file in current open file directory(C:/Users/MADELYN/Desktop/ITClub/app/Http/Controllers)
2025-10-03 12:04:52.941 [pool-3-thread-1] INFO  com.rs.mv.mvvs.client.catalog.from.scan.CurrentPathScanner - [client:400205]scan file in current open file directory(C:/Users/MADELYN/Desktop/ITClub/resources/js/pages/tabs)
2025-10-03 12:12:45.099 [pool-3-thread-1] INFO  com.rs.mv.mvvs.client.catalog.from.scan.CurrentPathScanner - [client:400205]scan file in current open file directory(C:/Users/MADELYN/Desktop/ITClub/app/Http/Controllers)
2025-10-03 12:13:14.681 [pool-3-thread-1] INFO  com.rs.mv.mvvs.client.catalog.from.scan.CurrentPathScanner - [client:400205]scan file in current open file directory(C:/Users/MADELYN/Desktop/ITClub/resources/js/pages)
2025-10-03 12:13:15.297 [pool-3-thread-1] INFO  com.rs.mv.mvvs.client.catalog.from.scan.CurrentPathScanner - [client:400205]scan file in current open file directory(C:/Users/MADELYN/Desktop/ITClub/resources/js/pages)
2025-10-03 12:13:18.960 [pool-3-thread-1] INFO  com.rs.mv.mvvs.client.catalog.from.scan.CurrentPathScanner - [client:400205]scan file in current open file directory(C:/Users/MADELYN/Desktop/ITClub/resources/js/pages/tabs)
2025-10-03 12:14:17.005 [pool-3-thread-1] INFO  com.rs.mv.mvvs.client.catalog.from.scan.CurrentPathScanner - [client:400205]scan file in current open file directory(C:/Users/MADELYN/Desktop/ITClub/resources/js/pages/tabs)
2025-10-03 12:14:30.241 [pool-3-thread-1] INFO  com.rs.mv.mvvs.client.catalog.from.scan.CurrentPathScanner - [client:400205]scan file in current open file directory(C:/Users/MADELYN/Desktop/ITClub/resources/js/pages/tabs)
2025-10-03 12:16:00.068 [pool-3-thread-1] INFO  com.rs.mv.mvvs.client.catalog.from.scan.CurrentPathScanner - [client:400205]scan file in current open file directory(C:/Users/MADELYN/Desktop/ITClub/routes)
2025-10-03 12:16:26.865 [pool-3-thread-1] INFO  com.rs.mv.mvvs.client.catalog.from.scan.CurrentPathScanner - [client:400205]scan file in current open file directory(C:/Users/MADELYN/Desktop/ITClub/app/Http/Controllers)
2025-10-03 12:16:29.208 [pool-3-thread-1] INFO  com.rs.mv.mvvs.client.catalog.from.scan.CurrentPathScanner - [client:400205]scan file in current open file directory(C:/Users/MADELYN/Desktop/ITClub/app/Http/Controllers)
2025-10-03 12:16:32.914 [pool-3-thread-1] INFO  com.rs.mv.mvvs.client.catalog.from.scan.CurrentPathScanner - [client:400205]scan file in current open file directory(C:/Users/MADELYN/Desktop/ITClub/app/Http/Controllers)
2025-10-03 12:17:02.537 [pool-3-thread-1] INFO  com.rs.mv.mvvs.client.catalog.from.scan.CurrentPathScanner - [client:400205]scan file in current open file directory(C:/Users/MADELYN/Desktop/ITClub/routes)
2025-10-03 12:17:48.513 [pool-3-thread-1] INFO  com.rs.mv.mvvs.client.catalog.from.scan.CurrentPathScanner - [client:400205]scan file in current open file directory(C:/Users/MADELYN/Desktop/ITClub/resources/js/pages/tabs)
2025-10-03 12:23:18.395 [pool-3-thread-1] INFO  com.rs.mv.mvvs.client.catalog.from.scan.CurrentPathScanner - [client:400205]scan file in current open file directory(C:/Users/MADELYN/Desktop/ITClub/resources/js/pages/tabs)
2025-10-03 12:25:37.281 [pool-3-thread-1] INFO  com.rs.mv.mvvs.client.catalog.from.scan.CurrentPathScanner - [client:400205]scan file in current open file directory(C:/Users/MADELYN/Desktop/ITClub/resources/js/pages/tabs)
2025-10-03 12:27:56.215 [pool-3-thread-1] INFO  com.rs.mv.mvvs.client.catalog.from.scan.CurrentPathScanner - [client:400205]scan file in current open file directory(C:/Users/MADELYN/Desktop/ITClub/app/Http/Controllers)
2025-10-03 12:28:01.779 [pool-3-thread-1] INFO  com.rs.mv.mvvs.client.catalog.from.scan.CurrentPathScanner - [client:400205]scan file in current open file directory(C:/Users/MADELYN/Desktop/ITClub/app/Http/Controllers)
2025-10-03 12:28:16.238 [pool-3-thread-1] INFO  com.rs.mv.mvvs.client.catalog.from.scan.CurrentPathScanner - [client:400205]scan file in current open file directory(C:/Users/MADELYN/Desktop/ITClub/app/Http/Controllers)
2025-10-03 12:28:38.616 [pool-3-thread-1] INFO  com.rs.mv.mvvs.client.catalog.from.scan.CurrentPathScanner - [client:400205]scan file in current open file directory(C:/Users/MADELYN/Desktop/ITClub/resources/js/pages/tabs)
2025-10-03 12:28:48.492 [pool-3-thread-1] INFO  com.rs.mv.mvvs.client.catalog.from.scan.CurrentPathScanner - [client:400205]scan file in current open file directory(C:/Users/MADELYN/Desktop/ITClub/routes)
2025-10-03 12:29:07.820 [pool-3-thread-1] INFO  com.rs.mv.mvvs.client.catalog.from.scan.CurrentPathScanner - [client:400205]scan file in current open file directory(C:/Users/MADELYN/Desktop/ITClub/app/Http/Controllers)
2025-10-03 12:29:51.246 [pool-3-thread-1] INFO  com.rs.mv.mvvs.client.catalog.from.scan.CurrentPathScanner - [client:400205]scan file in current open file directory(C:/Users/MADELYN/Desktop/ITClub/resources/js/pages/tabs)
2025-10-03 12:29:53.596 [pool-3-thread-1] INFO  com.rs.mv.mvvs.client.catalog.from.scan.CurrentPathScanner - [client:400205]scan file in current open file directory(C:/Users/MADELYN/Desktop/ITClub/resources/js/pages/tabs)
2025-10-03 13:10:51.563 [pool-3-thread-1] INFO  com.rs.mv.mvvs.client.catalog.from.scan.CurrentPathScanner - [client:400205]scan file in current open file directory(C:/Users/MADELYN/Desktop/ITClub/routes)
2025-10-03 13:14:34.873 [pool-3-thread-1] INFO  com.rs.mv.mvvs.client.catalog.from.scan.CurrentPathScanner - [client:400205]scan file in current open file directory(C:/Users/MADELYN/Desktop/ITClub/resources/js/pages/tabs)
2025-10-03 16:38:01.157 [pool-3-thread-1] INFO  com.rs.mv.mvvs.client.catalog.from.scan.CurrentPathScanner - [client:400205]scan file in current open file directory(C:/Users/MADELYN/Desktop/ITClub/app/Http/Controllers)
2025-10-03 16:38:54.940 [pool-3-thread-1] INFO  com.rs.mv.mvvs.client.catalog.from.scan.CurrentPathScanner - [client:400205]scan file in current open file directory(C:/Users/MADELYN/Desktop/ITClub/resources/js/pages/tabs)
2025-10-03 18:03:32.805 [pool-3-thread-1] INFO  com.rs.mv.mvvs.client.catalog.from.scan.CurrentPathScanner - [client:400205]scan file in current open file directory(C:/Users/MADELYN/Desktop/ITClub/resources/js/pages/tabs)
2025-10-03 18:16:20.010 [pool-3-thread-1] INFO  com.rs.mv.mvvs.client.catalog.from.scan.CurrentPathScanner - [client:400205]scan file in current open file directory(C:/Users/MADELYN/Desktop/ITClub/resources/js/pages/tabs)
2025-10-03 18:34:47.109 [pool-3-thread-1] INFO  com.rs.mv.mvvs.client.catalog.from.scan.CurrentPathScanner - [client:400205]scan file in current open file directory(C:/Users/MADELYN/Desktop/ITClub/app/Http/Controllers)
2025-10-03 18:40:58.905 [pool-3-thread-1] INFO  com.rs.mv.mvvs.client.catalog.from.scan.CurrentPathScanner - [client:400205]scan file in current open file directory(C:/Users/MADELYN/Desktop/ITClub/resources/js/pages/tabs)
2025-10-03 18:53:55.472 [pool-3-thread-1] INFO  com.rs.mv.mvvs.client.catalog.from.scan.CurrentPathScanner - [client:400205]scan file in current open file directory(C:/Users/MADELYN/Desktop/ITClub/app/Http/Controllers)
2025-10-03 18:53:57.964 [pool-3-thread-1] INFO  com.rs.mv.mvvs.client.catalog.from.scan.CurrentPathScanner - [client:400205]scan file in current open file directory(C:/Users/MADELYN/Desktop/ITClub/routes)
2025-10-03 18:54:44.392 [pool-3-thread-1] INFO  com.rs.mv.mvvs.client.catalog.from.scan.CurrentPathScanner - [client:400205]scan file in current open file directory(C:/Users/MADELYN/Desktop/ITClub/app/Http/Controllers)
2025-10-03 18:54:45.261 [pool-3-thread-1] INFO  com.rs.mv.mvvs.client.catalog.from.scan.CurrentPathScanner - [client:400205]scan file in current open file directory(C:/Users/MADELYN/Desktop/ITClub/app/Http/Controllers)
2025-10-03 18:55:20.906 [pool-3-thread-1] INFO  com.rs.mv.mvvs.client.catalog.from.scan.CurrentPathScanner - [client:400205]scan file in current open file directory(C:/Users/MADELYN/Desktop/ITClub/routes)
2025-10-03 18:55:35.351 [pool-3-thread-1] INFO  com.rs.mv.mvvs.client.catalog.from.scan.CurrentPathScanner - [client:400205]scan file in current open file directory(C:/Users/MADELYN/Desktop/ITClub/app/Http/Controllers)
2025-10-03 18:58:49.689 [pool-3-thread-1] INFO  com.rs.mv.mvvs.client.catalog.from.scan.CurrentPathScanner - [client:400205]scan file in current open file directory(C:/Users/MADELYN/Desktop/ITClub/resources/js/pages/tabs)
2025-10-03 19:19:33.026 [pool-3-thread-1] INFO  com.rs.mv.mvvs.client.catalog.from.scan.CurrentPathScanner - [client:400205]scan file in current open file directory(C:/Users/MADELYN/Desktop/ITClub/resources/js/pages/tabs)
2025-10-03 19:19:35.975 [pool-3-thread-1] INFO  com.rs.mv.mvvs.client.catalog.from.scan.CurrentPathScanner - [client:400205]scan file in current open file directory(C:/Users/MADELYN/Desktop/ITClub/resources/js/pages/tabs)
2025-10-03 19:24:51.245 [pool-3-thread-1] INFO  com.rs.mv.mvvs.client.catalog.from.scan.CurrentPathScanner - [client:400205]scan file in current open file directory(C:/Users/MADELYN/Desktop/ITClub/routes)
2025-10-03 19:24:59.115 [pool-3-thread-1] INFO  com.rs.mv.mvvs.client.catalog.from.scan.CurrentPathScanner - [client:400205]scan file in current open file directory(C:/Users/MADELYN/Desktop/ITClub/resources/js/pages/tabs)
2025-10-03 19:25:39.051 [pool-3-thread-1] INFO  com.rs.mv.mvvs.client.catalog.from.scan.CurrentPathScanner - [client:400205]scan file in current open file directory(C:/Users/MADELYN/Desktop/ITClub/routes)
2025-10-03 19:28:28.620 [pool-3-thread-1] INFO  com.rs.mv.mvvs.client.catalog.from.scan.CurrentPathScanner - [client:400205]scan file in current open file directory(C:/Users/MADELYN/Desktop/ITClub/resources/js/pages/tabs)
2025-10-03 19:28:41.839 [pool-3-thread-1] INFO  com.rs.mv.mvvs.client.catalog.from.scan.CurrentPathScanner - [client:400205]scan file in current open file directory(C:/Users/MADELYN/Desktop/ITClub/app/Http/Controllers)
2025-10-03 19:28:56.729 [pool-3-thread-1] INFO  com.rs.mv.mvvs.client.catalog.from.scan.CurrentPathScanner - [client:400205]scan file in current open file directory(C:/Users/MADELYN/Desktop/ITClub/routes)
2025-10-03 19:29:07.855 [pool-3-thread-1] INFO  com.rs.mv.mvvs.client.catalog.from.scan.CurrentPathScanner - [client:400205]scan file in current open file directory(C:/Users/MADELYN/Desktop/ITClub/resources/js/pages/tabs)
2025-10-03 19:32:34.700 [pool-3-thread-1] INFO  com.rs.mv.mvvs.client.catalog.from.scan.CurrentPathScanner - [client:400205]scan file in current open file directory(C:/Users/MADELYN/Desktop/ITClub/resources/js/pages/tabs)
2025-10-03 20:05:36.063 [pool-3-thread-1] INFO  com.rs.mv.mvvs.client.catalog.from.scan.CurrentPathScanner - [client:400205]scan file in current open file directory(C:/Users/MADELYN/Desktop/ITClub/resources/js/pages)
2025-10-03 20:05:40.551 [pool-3-thread-1] INFO  com.rs.mv.mvvs.client.catalog.from.scan.CurrentPathScanner - [client:400205]scan file in current open file directory(C:/Users/MADELYN/Desktop/ITClub/resources/js/pages)
2025-10-03 20:06:05.865 [pool-3-thread-1] INFO  com.rs.mv.mvvs.client.catalog.from.scan.CurrentPathScanner - [client:400205]scan file in current open file directory(C:/Users/MADELYN/Desktop/ITClub/app/Http/Controllers)
2025-10-03 20:09:22.282 [pool-3-thread-1] INFO  com.rs.mv.mvvs.client.catalog.from.scan.CurrentPathScanner - [client:400205]scan file in current open file directory(C:/Users/MADELYN/Desktop/ITClub/resources/js/pages/tabs)
2025-10-03 20:13:21.660 [pool-3-thread-1] INFO  com.rs.mv.mvvs.client.catalog.from.scan.CurrentPathScanner - [client:400205]scan file in current open file directory(C:/Users/MADELYN/Desktop/ITClub/resources/js/pages/tabs)
2025-10-03 20:13:55.416 [pool-3-thread-1] INFO  com.rs.mv.mvvs.client.catalog.from.scan.CurrentPathScanner - [client:400205]scan file in current open file directory(C:/Users/MADELYN/Desktop/ITClub/resources/js/pages/tabs)
2025-10-03 20:17:35.923 [pool-3-thread-1] INFO  com.rs.mv.mvvs.client.catalog.from.scan.CurrentPathScanner - [client:400205]scan file in current open file directory(C:/Users/MADELYN/Desktop/ITClub/resources/js/pages/tabs)
2025-10-03 22:09:48.099 [pool-3-thread-1] INFO  com.rs.mv.mvvs.client.catalog.from.scan.CurrentPathScanner - [client:400205]scan file in current open file directory(C:/Users/MADELYN/Desktop/ITClub/resources/js/pages/tabs)
2025-10-03 22:15:29.930 [pool-3-thread-1] INFO  com.rs.mv.mvvs.client.catalog.from.scan.CurrentPathScanner - [client:400205]scan file in current open file directory(C:/Users/MADELYN/Desktop/ITClub/resources/js/pages/tabs)
2025-10-03 22:31:58.406 [pool-3-thread-1] INFO  com.rs.mv.mvvs.client.catalog.from.scan.CurrentPathScanner - [client:400205]scan file in current open file directory(C:/Users/MADELYN/Desktop/ITClub/routes)
2025-10-03 23:48:54.977 [pool-3-thread-1] INFO  com.rs.mv.mvvs.client.catalog.from.scan.CurrentPathScanner - [client:400205]scan file in current open file directory(C:/Users/MADELYN/Desktop/ITClub/resources/js/pages/pdf)
2025-10-03 23:49:03.700 [pool-3-thread-1] INFO  com.rs.mv.mvvs.client.catalog.from.scan.CurrentPathScanner - [client:400205]scan file in current open file directory(C:/Users/MADELYN/Desktop/ITClub/resources/js/pages/tabs)
2025-10-03 23:51:54.754 [pool-3-thread-1] INFO  com.rs.mv.mvvs.client.catalog.from.scan.CurrentPathScanner - [client:400205]scan file in current open file directory(C:/Users/MADELYN/Desktop/ITClub/resources/js/pages/pdf)
2025-10-03 23:52:03.775 [pool-3-thread-1] INFO  com.rs.mv.mvvs.client.catalog.from.scan.CurrentPathScanner - [client:400205]scan file in current open file directory(C:/Users/MADELYN/Desktop/ITClub/resources/js/pages/tabs)
2025-10-03 23:57:15.114 [pool-3-thread-1] INFO  com.rs.mv.mvvs.client.catalog.from.scan.CurrentPathScanner - [client:400205]scan file in current open file directory(C:/Users/MADELYN/Desktop/ITClub/resources/js/pages/pdf)
