2025-11-14 00:05:19.749 [pool-3-thread-1] INFO  com.rs.mv.mvvs.client.catalog.from.scan.CurrentPathScanner - [client:400205]scan file in current open file directory(C:/Users/MADELYN/Desktop/ITClub/routes)
2025-11-14 00:05:28.643 [pool-3-thread-1] INFO  com.rs.mv.mvvs.client.catalog.from.scan.CurrentPathScanner - [client:400205]scan file in current open file directory(C:/Users/MADELYN/Desktop/ITClub/app/Http/Controllers)
2025-11-14 00:05:48.232 [pool-3-thread-1] INFO  com.rs.mv.mvvs.client.catalog.from.scan.CurrentPathScanner - [client:400205]scan file in current open file directory(C:/Users/MADELYN/Desktop/ITClub/routes)
2025-11-14 00:06:14.354 [pool-3-thread-1] INFO  com.rs.mv.mvvs.client.catalog.from.scan.CurrentPathScanner - [client:400205]scan file in current open file directory(C:/Users/MADELYN/Desktop/ITClub/resources/js/pages/tabs)
2025-11-14 00:07:25.890 [pool-3-thread-1] INFO  com.rs.mv.mvvs.client.catalog.from.scan.CurrentPathScanner - [client:400205]scan file in current open file directory(C:/Users/MADELYN/Desktop/ITClub/app/Http/Controllers)
2025-11-14 00:08:12.134 [pool-3-thread-1] INFO  com.rs.mv.mvvs.client.catalog.from.scan.CurrentPathScanner - [client:400205]scan file in current open file directory(C:/Users/MADELYN/Desktop/ITClub/resources/js/pages/tabs)
2025-11-14 00:26:57.235 [pool-3-thread-1] INFO  com.rs.mv.mvvs.client.catalog.from.scan.CurrentPathScanner - [client:400205]scan file in current open file directory(C:/Users/MADELYN/Desktop/ITClub/app/Http/Controllers)
2025-11-14 00:29:19.250 [pool-3-thread-1] INFO  com.rs.mv.mvvs.client.catalog.from.scan.CurrentPathScanner - [client:400205]scan file in current open file directory(C:/Users/MADELYN/Desktop/ITClub/resources/js/pages/tabs)
2025-11-14 00:29:28.829 [pool-3-thread-1] INFO  com.rs.mv.mvvs.client.catalog.from.scan.CurrentPathScanner - [client:400205]scan file in current open file directory(C:/Users/MADELYN/Desktop/ITClub/app/Http/Controllers)
2025-11-14 00:29:30.300 [pool-3-thread-1] INFO  com.rs.mv.mvvs.client.catalog.from.scan.CurrentPathScanner - [client:400205]scan file in current open file directory(C:/Users/MADELYN/Desktop/ITClub/resources/js/pages/tabs)
2025-11-14 00:41:42.513 [pool-3-thread-1] INFO  com.rs.mv.mvvs.client.catalog.from.scan.CurrentPathScanner - [client:400205]scan file in current open file directory(C:/Users/MADELYN/Desktop/ITClub/app/Http/Controllers)
2025-11-14 00:44:25.263 [pool-3-thread-1] INFO  com.rs.mv.mvvs.client.catalog.from.scan.CurrentPathScanner - [client:400205]scan file in current open file directory(C:/Users/MADELYN/Desktop/ITClub/resources/js/pages/tabs)
2025-11-14 00:44:44.529 [pool-3-thread-1] INFO  com.rs.mv.mvvs.client.catalog.from.scan.CurrentPathScanner - [client:400205]scan file in current open file directory(C:/Users/MADELYN/Desktop/ITClub/routes)
2025-11-14 00:45:25.046 [pool-3-thread-1] INFO  com.rs.mv.mvvs.client.catalog.from.scan.CurrentPathScanner - [client:400205]scan file in current open file directory(C:/Users/MADELYN/Desktop/ITClub/app/Http/Controllers)
2025-11-14 00:46:47.159 [pool-3-thread-1] INFO  com.rs.mv.mvvs.client.catalog.from.scan.CurrentPathScanner - [client:400205]scan file in current open file directory(C:/Users/MADELYN/Desktop/ITClub/resources/js/pages/tabs)
2025-11-14 00:48:34.297 [pool-3-thread-1] INFO  com.rs.mv.mvvs.client.catalog.from.scan.CurrentPathScanner - [client:400205]scan file in current open file directory(C:/Users/MADELYN/Desktop/ITClub/app/Http/Controllers)
2025-11-14 00:49:54.938 [pool-3-thread-1] INFO  com.rs.mv.mvvs.client.catalog.from.scan.CurrentPathScanner - [client:400205]scan file in current open file directory(C:/Users/MADELYN/Desktop/ITClub/app/Http/Controllers)
2025-11-14 00:49:55.682 [pool-3-thread-1] INFO  com.rs.mv.mvvs.client.catalog.from.scan.CurrentPathScanner - [client:400205]scan file in current open file directory(C:/Users/MADELYN/Desktop/ITClub/app/Http/Controllers)
2025-11-14 00:49:56.609 [pool-3-thread-1] INFO  com.rs.mv.mvvs.client.catalog.from.scan.CurrentPathScanner - [client:400205]scan file in current open file directory(C:/Users/MADELYN/Desktop/ITClub/app/Http/Controllers)
2025-11-14 00:49:57.487 [pool-3-thread-1] INFO  com.rs.mv.mvvs.client.catalog.from.scan.CurrentPathScanner - [client:400205]scan file in current open file directory(C:/Users/MADELYN/Desktop/ITClub/app/Http/Controllers)
2025-11-14 00:49:58.284 [pool-3-thread-1] INFO  com.rs.mv.mvvs.client.catalog.from.scan.CurrentPathScanner - [client:400205]scan file in current open file directory(C:/Users/MADELYN/Desktop/ITClub/resources/js/pages/tabs)
2025-11-14 00:50:00.457 [pool-3-thread-1] INFO  com.rs.mv.mvvs.client.catalog.from.scan.CurrentPathScanner - [client:400205]scan file in current open file directory(C:/Users/MADELYN/Desktop/ITClub/app/Http/Controllers)
2025-11-14 00:50:01.676 [pool-3-thread-1] INFO  com.rs.mv.mvvs.client.catalog.from.scan.CurrentPathScanner - [client:400205]scan file in current open file directory(C:/Users/MADELYN/Desktop/ITClub/routes)
2025-11-14 00:50:07.818 [pool-3-thread-1] INFO  com.rs.mv.mvvs.client.catalog.from.scan.CurrentPathScanner - [client:400205]scan file in current open file directory(C:/Users/MADELYN/Desktop/ITClub/resources/js/pages/tabs)
2025-11-14 00:59:56.838 [pool-3-thread-1] INFO  com.rs.mv.mvvs.client.catalog.from.scan.CurrentPathScanner - [client:400205]scan file in current open file directory(C:/Users/MADELYN/Desktop/ITClub/app/Http/Controllers)
2025-11-14 00:59:57.932 [pool-3-thread-1] INFO  com.rs.mv.mvvs.client.catalog.from.scan.CurrentPathScanner - [client:400205]scan file in current open file directory(C:/Users/MADELYN/Desktop/ITClub/resources/js/pages/tabs)
2025-11-14 01:00:34.320 [pool-3-thread-1] INFO  com.rs.mv.mvvs.client.catalog.from.scan.CurrentPathScanner - [client:400205]scan file in current open file directory(C:/Users/MADELYN/Desktop/ITClub/routes)
2025-11-14 01:00:35.816 [pool-3-thread-1] INFO  com.rs.mv.mvvs.client.catalog.from.scan.CurrentPathScanner - [client:400205]scan file in current open file directory(C:/Users/MADELYN/Desktop/ITClub/resources/js/pages/tabs)
2025-11-14 01:00:39.979 [pool-3-thread-1] INFO  com.rs.mv.mvvs.client.catalog.from.scan.CurrentPathScanner - [client:400205]scan file in current open file directory(C:/Users/MADELYN/Desktop/ITClub/routes)
2025-11-14 01:01:07.360 [pool-3-thread-1] INFO  com.rs.mv.mvvs.client.catalog.from.scan.CurrentPathScanner - [client:400205]scan file in current open file directory(C:/Users/MADELYN/Desktop/ITClub/app/Http/Controllers)
2025-11-14 01:02:29.756 [pool-3-thread-1] INFO  com.rs.mv.mvvs.client.catalog.from.scan.CurrentPathScanner - [client:400205]scan file in current open file directory(C:/Users/MADELYN/Desktop/ITClub/routes)
2025-11-14 01:02:36.435 [pool-3-thread-1] INFO  com.rs.mv.mvvs.client.catalog.from.scan.CurrentPathScanner - [client:400205]scan file in current open file directory(C:/Users/MADELYN/Desktop/ITClub/app/Http/Controllers)
2025-11-14 01:02:37.924 [pool-3-thread-1] INFO  com.rs.mv.mvvs.client.catalog.from.scan.CurrentPathScanner - [client:400205]scan file in current open file directory(C:/Users/MADELYN/Desktop/ITClub/resources/js/pages/tabs)
2025-11-14 01:08:15.158 [pool-3-thread-1] INFO  com.rs.mv.mvvs.client.catalog.from.scan.CurrentPathScanner - [client:400205]scan file in current open file directory(C:/Users/MADELYN/Desktop/ITClub/app/Http/Controllers)
2025-11-14 01:08:41.011 [pool-3-thread-1] INFO  com.rs.mv.mvvs.client.catalog.from.scan.CurrentPathScanner - [client:400205]scan file in current open file directory(C:/Users/MADELYN/Desktop/ITClub/resources/js/pages/tabs)
2025-11-14 01:10:09.968 [pool-3-thread-1] INFO  com.rs.mv.mvvs.client.catalog.from.scan.CurrentPathScanner - [client:400205]scan file in current open file directory(C:/Users/MADELYN/Desktop/ITClub/app/Http/Controllers)
2025-11-14 01:11:12.096 [pool-3-thread-1] INFO  com.rs.mv.mvvs.client.catalog.from.scan.CurrentPathScanner - [client:400205]scan file in current open file directory(C:/Users/MADELYN/Desktop/ITClub/app/Http/Controllers)
2025-11-14 01:12:57.443 [pool-3-thread-1] INFO  com.rs.mv.mvvs.client.catalog.from.scan.CurrentPathScanner - [client:400205]scan file in current open file directory(C:/Users/MADELYN/Desktop/ITClub/app/Http/Controllers)
2025-11-14 01:14:38.658 [pool-3-thread-1] INFO  com.rs.mv.mvvs.client.catalog.from.scan.CurrentPathScanner - [client:400205]scan file in current open file directory(C:/Users/MADELYN/Desktop/ITClub/routes)
2025-11-14 01:14:52.774 [pool-3-thread-1] INFO  com.rs.mv.mvvs.client.catalog.from.scan.CurrentPathScanner - [client:400205]scan file in current open file directory(C:/Users/MADELYN/Desktop/ITClub/app/Http/Controllers)
2025-11-14 01:14:59.853 [pool-3-thread-1] INFO  com.rs.mv.mvvs.client.catalog.from.scan.CurrentPathScanner - [client:400205]scan file in current open file directory(C:/Users/MADELYN/Desktop/ITClub/routes)
2025-11-14 01:15:07.851 [pool-3-thread-1] INFO  com.rs.mv.mvvs.client.catalog.from.scan.CurrentPathScanner - [client:400205]scan file in current open file directory(C:/Users/MADELYN/Desktop/ITClub/resources/js/pages/tabs)
2025-11-14 01:17:32.635 [pool-3-thread-1] INFO  com.rs.mv.mvvs.client.catalog.from.scan.CurrentPathScanner - [client:400205]scan file in current open file directory(C:/Users/MADELYN/Desktop/ITClub/app/Http/Controllers)
2025-11-14 01:20:57.190 [pool-3-thread-1] INFO  com.rs.mv.mvvs.client.catalog.from.scan.CurrentPathScanner - [client:400205]scan file in current open file directory(C:/Users/MADELYN/Desktop/ITClub/resources/js/pages/tabs)
2025-11-14 01:23:47.396 [pool-3-thread-1] INFO  com.rs.mv.mvvs.client.catalog.from.scan.CurrentPathScanner - [client:400205]scan file in current open file directory(C:/Users/MADELYN/Desktop/ITClub/resources/views)
2025-11-14 01:25:21.897 [pool-3-thread-1] INFO  com.rs.mv.mvvs.client.catalog.from.scan.CurrentPathScanner - [client:400205]scan file in current open file directory(C:/Users/MADELYN/Desktop/ITClub/resources/js/pages/tabs)
2025-11-14 01:25:35.170 [pool-3-thread-1] INFO  com.rs.mv.mvvs.client.catalog.from.scan.CurrentPathScanner - [client:400205]scan file in current open file directory(C:/Users/MADELYN/Desktop/ITClub/routes)
2025-11-14 01:26:50.127 [pool-3-thread-1] INFO  com.rs.mv.mvvs.client.catalog.from.scan.CurrentPathScanner - [client:400205]scan file in current open file directory(C:/Users/MADELYN/Desktop/ITClub/app/Http/Controllers)
2025-11-14 01:26:52.991 [pool-3-thread-1] INFO  com.rs.mv.mvvs.client.catalog.from.scan.CurrentPathScanner - [client:400205]scan file in current open file directory(C:/Users/MADELYN/Desktop/ITClub/resources/js/pages/tabs)
2025-11-14 01:27:16.862 [pool-3-thread-1] INFO  com.rs.mv.mvvs.client.catalog.from.scan.CurrentPathScanner - [client:400205]scan file in current open file directory(C:/Users/MADELYN/Desktop/ITClub/app/Http/Controllers)
2025-11-14 08:14:39.106 [pool-3-thread-1] INFO  com.rs.mv.mvvs.client.catalog.from.scan.CurrentPathScanner - [client:400205]scan file in current open file directory(C:/Users/MADELYN/Desktop/ITClub/resources/js/pages/tabs)
2025-11-14 08:24:31.228 [pool-3-thread-1] INFO  com.rs.mv.mvvs.client.catalog.from.scan.CurrentPathScanner - [client:400205]scan file in current open file directory(C:/Users/MADELYN/Desktop/ITClub/app/Http/Controllers)
2025-11-14 08:24:42.180 [pool-3-thread-1] INFO  com.rs.mv.mvvs.client.catalog.from.scan.CurrentPathScanner - [client:400205]scan file in current open file directory(C:/Users/MADELYN/Desktop/ITClub/resources/js/pages/tabs)
2025-11-14 08:57:25.407 [pool-3-thread-1] INFO  com.rs.mv.mvvs.client.catalog.from.scan.CurrentPathScanner - [client:400205]scan file in current open file directory(C:/Users/MADELYN/Desktop/ITClub/app/Http/Controllers)
2025-11-14 08:57:57.760 [pool-3-thread-1] INFO  com.rs.mv.mvvs.client.catalog.from.scan.CurrentPathScanner - [client:400205]scan file in current open file directory(C:/Users/MADELYN/Desktop/ITClub/resources/js/pages/tabs)
2025-11-14 08:59:48.686 [pool-3-thread-1] INFO  com.rs.mv.mvvs.client.catalog.from.scan.CurrentPathScanner - [client:400205]scan file in current open file directory(C:/Users/MADELYN/Desktop/ITClub/resources/js/pages/tabs)
2025-11-14 09:22:03.125 [pool-3-thread-1] INFO  com.rs.mv.mvvs.client.catalog.from.scan.CurrentPathScanner - [client:400205]scan file in current open file directory(C:/Users/MADELYN/Desktop/ITClub/database/migrations)
2025-11-14 09:25:55.251 [pool-3-thread-1] INFO  com.rs.mv.mvvs.client.catalog.from.scan.CurrentPathScanner - [client:400205]scan file in current open file directory(C:/Users/MADELYN/Desktop/ITClub/resources/js/pages/tabs)
2025-11-14 09:30:46.752 [pool-3-thread-1] INFO  com.rs.mv.mvvs.client.catalog.from.scan.CurrentPathScanner - [client:400205]scan file in current open file directory(C:/Users/MADELYN/Desktop/ITClub/routes)
2025-11-14 09:32:42.797 [pool-3-thread-1] INFO  com.rs.mv.mvvs.client.catalog.from.scan.CurrentPathScanner - [client:400205]scan file in current open file directory(C:/Users/MADELYN/Desktop/ITClub/app/Http/Controllers)
2025-11-14 09:33:05.081 [pool-3-thread-1] INFO  com.rs.mv.mvvs.client.catalog.from.scan.CurrentPathScanner - [client:400205]scan file in current open file directory(C:/Users/MADELYN/Desktop/ITClub/app/Http/Controllers)
2025-11-14 09:36:09.922 [pool-3-thread-1] INFO  com.rs.mv.mvvs.client.catalog.from.scan.CurrentPathScanner - [client:400205]scan file in current open file directory(C:/Users/MADELYN/Desktop/ITClub/app/Http/Controllers)
2025-11-14 09:36:24.439 [pool-3-thread-1] INFO  com.rs.mv.mvvs.client.catalog.from.scan.CurrentPathScanner - [client:400205]scan file in current open file directory(C:/Users/MADELYN/Desktop/ITClub/resources/js/pages/tabs)
2025-11-14 09:38:40.623 [pool-3-thread-1] INFO  com.rs.mv.mvvs.client.catalog.from.scan.CurrentPathScanner - [client:400205]scan file in current open file directory(C:/Users/MADELYN/Desktop/ITClub/app/Http/Controllers)
2025-11-14 09:39:59.322 [pool-3-thread-1] INFO  com.rs.mv.mvvs.client.catalog.from.scan.CurrentPathScanner - [client:400205]scan file in current open file directory(C:/Users/MADELYN/Desktop/ITClub/resources/js/pages)
2025-11-14 09:40:04.124 [pool-3-thread-1] INFO  com.rs.mv.mvvs.client.catalog.from.scan.CurrentPathScanner - [client:400205]scan file in current open file directory(C:/Users/MADELYN/Desktop/ITClub/resources/js/pages)
2025-11-14 09:40:20.121 [pool-3-thread-1] INFO  com.rs.mv.mvvs.client.catalog.from.scan.CurrentPathScanner - [client:400205]scan file in current open file directory(C:/Users/MADELYN/Desktop/ITClub/app/Http/Controllers)
2025-11-14 09:40:46.623 [pool-3-thread-1] INFO  com.rs.mv.mvvs.client.catalog.from.scan.CurrentPathScanner - [client:400205]scan file in current open file directory(C:/Users/MADELYN/Desktop/ITClub/resources/js/pages)
2025-11-14 09:40:56.687 [pool-3-thread-1] INFO  com.rs.mv.mvvs.client.catalog.from.scan.CurrentPathScanner - [client:400205]scan file in current open file directory(C:/Users/MADELYN/Desktop/ITClub/resources/js/pages/tabs)
2025-11-14 09:42:13.477 [pool-3-thread-1] INFO  com.rs.mv.mvvs.client.catalog.from.scan.CurrentPathScanner - [client:400205]scan file in current open file directory(C:/Users/MADELYN/Desktop/ITClub/resources/js/pages/tabs)
2025-11-14 09:42:13.554 [pool-3-thread-1] INFO  com.rs.mv.mvvs.client.catalog.from.scan.CurrentPathScanner - [client:400205]scan file in current open file directory(C:/Users/MADELYN/Desktop/ITClub/resources/js/pages/tabs)
2025-11-14 09:51:20.954 [pool-3-thread-1] INFO  com.rs.mv.mvvs.client.catalog.from.scan.CurrentPathScanner - [client:400205]scan file in current open file directory(C:/Users/MADELYN/Desktop/ITClub/routes)
2025-11-14 09:52:15.352 [pool-3-thread-1] INFO  com.rs.mv.mvvs.client.catalog.from.scan.CurrentPathScanner - [client:400205]scan file in current open file directory(C:/Users/MADELYN/Desktop/ITClub/app/Http/Controllers)
2025-11-14 10:16:56.123 [pool-3-thread-1] INFO  com.rs.mv.mvvs.client.catalog.from.scan.CurrentPathScanner - [client:400205]scan file in current open file directory(C:/Users/MADELYN/Desktop/ITClub/resources/js/pages/tabs)
2025-11-14 10:17:31.032 [pool-3-thread-1] INFO  com.rs.mv.mvvs.client.catalog.from.scan.CurrentPathScanner - [client:400205]scan file in current open file directory(C:/Users/MADELYN/Desktop/ITClub/routes)
2025-11-14 10:19:57.947 [pool-3-thread-1] INFO  com.rs.mv.mvvs.client.catalog.from.scan.CurrentPathScanner - [client:400205]scan file in current open file directory(C:/Users/MADELYN/Desktop/ITClub/app/Http/Controllers)
2025-11-14 10:19:59.014 [pool-3-thread-1] INFO  com.rs.mv.mvvs.client.catalog.from.scan.CurrentPathScanner - [client:400205]scan file in current open file directory(C:/Users/MADELYN/Desktop/ITClub/app/Http/Controllers)
2025-11-14 10:20:07.367 [pool-3-thread-1] INFO  com.rs.mv.mvvs.client.catalog.from.scan.CurrentPathScanner - [client:400205]scan file in current open file directory(C:/Users/MADELYN/Desktop/ITClub/resources/js/pages/tabs)
2025-11-14 10:30:08.432 [pool-3-thread-1] INFO  com.rs.mv.mvvs.client.catalog.from.scan.CurrentPathScanner - [client:400205]scan file in current open file directory(C:/Users/MADELYN/Desktop/ITClub/database/migrations)
2025-11-14 10:30:12.988 [pool-3-thread-1] INFO  com.rs.mv.mvvs.client.catalog.from.scan.CurrentPathScanner - [client:400205]scan file in current open file directory(C:/Users/MADELYN/Desktop/ITClub/resources/js/pages/tabs)
2025-11-14 10:30:53.894 [pool-3-thread-1] INFO  com.rs.mv.mvvs.client.catalog.from.scan.CurrentPathScanner - [client:400205]scan file in current open file directory(C:/Users/MADELYN/Desktop/ITClub/database/migrations)
2025-11-14 10:31:05.408 [pool-3-thread-1] INFO  com.rs.mv.mvvs.client.catalog.from.scan.CurrentPathScanner - [client:400205]scan file in current open file directory(C:/Users/MADELYN/Desktop/ITClub/database/migrations)
2025-11-14 10:32:12.850 [pool-3-thread-1] INFO  com.rs.mv.mvvs.client.catalog.from.scan.CurrentPathScanner - [client:400205]scan file in current open file directory(C:/Users/MADELYN/Desktop/ITClub/database/migrations)
2025-11-14 10:35:20.630 [pool-3-thread-1] INFO  com.rs.mv.mvvs.client.catalog.from.scan.CurrentPathScanner - [client:400205]scan file in current open file directory(C:/Users/MADELYN/Desktop/ITClub/database/migrations)
2025-11-14 10:35:25.677 [pool-3-thread-1] INFO  com.rs.mv.mvvs.client.catalog.from.scan.CurrentPathScanner - [client:400205]scan file in current open file directory(C:/Users/MADELYN/Desktop/ITClub/database/migrations)
2025-11-14 10:36:06.588 [pool-3-thread-1] INFO  com.rs.mv.mvvs.client.catalog.from.scan.CurrentPathScanner - [client:400205]scan file in current open file directory(C:/Users/MADELYN/Desktop/ITClub/database/migrations)
2025-11-14 10:36:54.305 [pool-3-thread-1] INFO  com.rs.mv.mvvs.client.catalog.from.scan.CurrentPathScanner - [client:400205]scan file in current open file directory(C:/Users/MADELYN/Desktop/ITClub/database/migrations)
2025-11-14 10:36:56.359 [pool-3-thread-1] INFO  com.rs.mv.mvvs.client.catalog.from.scan.CurrentPathScanner - [client:400205]scan file in current open file directory(C:/Users/MADELYN/Desktop/ITClub/database/migrations)
2025-11-14 10:36:58.708 [pool-3-thread-1] INFO  com.rs.mv.mvvs.client.catalog.from.scan.CurrentPathScanner - [client:400205]scan file in current open file directory(C:/Users/MADELYN/Desktop/ITClub/database/migrations)
2025-11-14 10:37:00.534 [pool-3-thread-1] INFO  com.rs.mv.mvvs.client.catalog.from.scan.CurrentPathScanner - [client:400205]scan file in current open file directory(C:/Users/MADELYN/Desktop/ITClub/database/migrations)
2025-11-14 10:38:57.797 [pool-3-thread-1] INFO  com.rs.mv.mvvs.client.catalog.from.scan.CurrentPathScanner - [client:400205]scan file in current open file directory(C:/Users/MADELYN/Desktop/ITClub/database/migrations)
2025-11-14 10:39:06.291 [pool-3-thread-1] INFO  com.rs.mv.mvvs.client.catalog.from.scan.CurrentPathScanner - [client:400205]scan file in current open file directory(C:/Users/MADELYN/Desktop/ITClub/database/migrations)
2025-11-14 10:39:06.347 [pool-3-thread-1] INFO  com.rs.mv.mvvs.client.catalog.from.scan.CurrentPathScanner - [client:400205]scan file in current open file directory(C:/Users/MADELYN/Desktop/ITClub/database/migrations)
2025-11-14 10:39:06.865 [pool-3-thread-1] INFO  com.rs.mv.mvvs.client.catalog.from.scan.CurrentPathScanner - [client:400205]scan file in current open file directory(C:/Users/MADELYN/Desktop/ITClub/resources/js/pages/tabs)
2025-11-14 10:39:11.665 [pool-3-thread-1] INFO  com.rs.mv.mvvs.client.catalog.from.scan.CurrentPathScanner - [client:400205]scan file in current open file directory(C:/Users/MADELYN/Desktop/ITClub/database/migrations)
2025-11-14 10:43:12.441 [pool-3-thread-1] INFO  com.rs.mv.mvvs.client.catalog.from.scan.CurrentPathScanner - [client:400205]scan file in current open file directory(C:/Users/MADELYN/Desktop/ITClub/database/migrations)
2025-11-14 10:43:21.648 [pool-3-thread-1] INFO  com.rs.mv.mvvs.client.catalog.from.scan.CurrentPathScanner - [client:400205]scan file in current open file directory(C:/Users/MADELYN/Desktop/ITClub/app/Http/Controllers)
2025-11-14 10:43:33.994 [pool-3-thread-1] INFO  com.rs.mv.mvvs.client.catalog.from.scan.CurrentPathScanner - [client:400205]scan file in current open file directory(C:/Users/MADELYN/Desktop/ITClub/database/migrations)
2025-11-14 10:43:36.017 [pool-3-thread-1] INFO  com.rs.mv.mvvs.client.catalog.from.scan.CurrentPathScanner - [client:400205]scan file in current open file directory(C:/Users/MADELYN/Desktop/ITClub/app/Http/Controllers)
2025-11-14 10:44:39.512 [pool-3-thread-1] INFO  com.rs.mv.mvvs.client.catalog.from.scan.CurrentPathScanner - [client:400205]scan file in current open file directory(C:/Users/MADELYN/Desktop/ITClub/database/migrations)
2025-11-14 10:44:40.906 [pool-3-thread-1] INFO  com.rs.mv.mvvs.client.catalog.from.scan.CurrentPathScanner - [client:400205]scan file in current open file directory(C:/Users/MADELYN/Desktop/ITClub/app/Http/Controllers)
2025-11-14 10:44:47.057 [pool-3-thread-1] INFO  com.rs.mv.mvvs.client.catalog.from.scan.CurrentPathScanner - [client:400205]scan file in current open file directory(C:/Users/MADELYN/Desktop/ITClub/database/migrations)
2025-11-14 10:46:09.006 [pool-3-thread-1] INFO  com.rs.mv.mvvs.client.catalog.from.scan.CurrentPathScanner - [client:400205]scan file in current open file directory(C:/Users/MADELYN/Desktop/ITClub/app/Http/Controllers)
2025-11-14 10:47:03.133 [pool-3-thread-1] INFO  com.rs.mv.mvvs.client.catalog.from.scan.CurrentPathScanner - [client:400205]scan file in current open file directory(C:/Users/MADELYN/Desktop/ITClub/database/migrations)
2025-11-14 10:47:12.964 [pool-3-thread-1] INFO  com.rs.mv.mvvs.client.catalog.from.scan.CurrentPathScanner - [client:400205]scan file in current open file directory(C:/Users/MADELYN/Desktop/ITClub/routes)
2025-11-14 10:47:14.798 [pool-3-thread-1] INFO  com.rs.mv.mvvs.client.catalog.from.scan.CurrentPathScanner - [client:400205]scan file in current open file directory(C:/Users/MADELYN/Desktop/ITClub/database/migrations)
2025-11-14 10:47:48.305 [pool-3-thread-1] INFO  com.rs.mv.mvvs.client.catalog.from.scan.CurrentPathScanner - [client:400205]scan file in current open file directory(C:/Users/MADELYN/Desktop/ITClub/app/Http/Controllers)
2025-11-14 10:48:50.600 [pool-3-thread-1] INFO  com.rs.mv.mvvs.client.catalog.from.scan.CurrentPathScanner - [client:400205]scan file in current open file directory(C:/Users/MADELYN/Desktop/ITClub/database/migrations)
2025-11-14 10:48:56.854 [pool-3-thread-1] INFO  com.rs.mv.mvvs.client.catalog.from.scan.CurrentPathScanner - [client:400205]scan file in current open file directory(C:/Users/MADELYN/Desktop/ITClub/app/Http/Controllers)
2025-11-14 10:51:09.573 [pool-3-thread-1] INFO  com.rs.mv.mvvs.client.catalog.from.scan.CurrentPathScanner - [client:400205]scan file in current open file directory(C:/Users/MADELYN/Desktop/ITClub/database/migrations)
2025-11-14 10:51:11.378 [pool-3-thread-1] INFO  com.rs.mv.mvvs.client.catalog.from.scan.CurrentPathScanner - [client:400205]scan file in current open file directory(C:/Users/MADELYN/Desktop/ITClub/app/Http/Controllers)
2025-11-14 10:52:09.970 [pool-3-thread-1] INFO  com.rs.mv.mvvs.client.catalog.from.scan.CurrentPathScanner - [client:400205]scan file in current open file directory(C:/Users/MADELYN/Desktop/ITClub/resources/js/pages/tabs)
2025-11-14 10:52:15.639 [pool-3-thread-1] INFO  com.rs.mv.mvvs.client.catalog.from.scan.CurrentPathScanner - [client:400205]scan file in current open file directory(C:/Users/MADELYN/Desktop/ITClub/app/Http/Controllers)
2025-11-14 10:52:20.465 [pool-3-thread-1] INFO  com.rs.mv.mvvs.client.catalog.from.scan.CurrentPathScanner - [client:400205]scan file in current open file directory(C:/Users/MADELYN/Desktop/ITClub/app/Http/Controllers)
2025-11-14 10:54:43.813 [pool-3-thread-1] INFO  com.rs.mv.mvvs.client.catalog.from.scan.CurrentPathScanner - [client:400205]scan file in current open file directory(C:/Users/MADELYN/Desktop/ITClub/database/migrations)
2025-11-14 10:54:44.997 [pool-3-thread-1] INFO  com.rs.mv.mvvs.client.catalog.from.scan.CurrentPathScanner - [client:400205]scan file in current open file directory(C:/Users/MADELYN/Desktop/ITClub/app/Http/Controllers)
2025-11-14 10:55:26.178 [pool-3-thread-1] INFO  com.rs.mv.mvvs.client.catalog.from.scan.CurrentPathScanner - [client:400205]scan file in current open file directory(C:/Users/MADELYN/Desktop/ITClub/resources/js/pages)
2025-11-14 10:55:57.990 [pool-3-thread-1] INFO  com.rs.mv.mvvs.client.catalog.from.scan.CurrentPathScanner - [client:400205]scan file in current open file directory(C:/Users/MADELYN/Desktop/ITClub/resources/js/pages/tabs)
2025-11-14 11:00:16.744 [pool-3-thread-1] INFO  com.rs.mv.mvvs.client.catalog.from.scan.CurrentPathScanner - [client:400205]scan file in current open file directory(C:/Users/MADELYN/Desktop/ITClub/app/Http/Controllers)
2025-11-14 11:00:23.734 [pool-3-thread-1] INFO  com.rs.mv.mvvs.client.catalog.from.scan.CurrentPathScanner - [client:400205]scan file in current open file directory(C:/Users/MADELYN/Desktop/ITClub/app/Http/Controllers)
2025-11-14 11:05:35.244 [pool-3-thread-1] INFO  com.rs.mv.mvvs.client.catalog.from.scan.CurrentPathScanner - [client:400205]scan file in current open file directory(C:/Users/MADELYN/Desktop/ITClub/database/migrations)
2025-11-14 11:07:18.602 [pool-3-thread-1] INFO  com.rs.mv.mvvs.client.catalog.from.scan.CurrentPathScanner - [client:400205]scan file in current open file directory(C:/Users/MADELYN/Desktop/ITClub/app/Http/Controllers)
2025-11-14 11:14:20.056 [pool-3-thread-1] INFO  com.rs.mv.mvvs.client.catalog.from.scan.CurrentPathScanner - [client:400205]scan file in current open file directory(C:/Users/MADELYN/Desktop/ITClub/app/Http/Controllers)
2025-11-14 11:15:35.497 [pool-3-thread-1] INFO  com.rs.mv.mvvs.client.catalog.from.scan.CurrentPathScanner - [client:400205]scan file in current open file directory(C:/Users/MADELYN/Desktop/ITClub/resources/js/pages)
2025-11-14 11:15:49.737 [pool-3-thread-1] INFO  com.rs.mv.mvvs.client.catalog.from.scan.CurrentPathScanner - [client:400205]scan file in current open file directory(C:/Users/MADELYN/Desktop/ITClub/resources/js/pages/tabs)
2025-11-14 11:22:09.779 [pool-3-thread-1] INFO  com.rs.mv.mvvs.client.catalog.from.scan.CurrentPathScanner - [client:400205]scan file in current open file directory(C:/Users/MADELYN/Desktop/ITClub/database/migrations)
2025-11-14 11:23:29.528 [pool-3-thread-1] INFO  com.rs.mv.mvvs.client.catalog.from.scan.CurrentPathScanner - [client:400205]scan file in current open file directory(C:/Users/MADELYN/Desktop/ITClub/resources/js/pages/tabs)
2025-11-14 11:32:29.652 [pool-3-thread-1] INFO  com.rs.mv.mvvs.client.catalog.from.scan.CurrentPathScanner - [client:400205]scan file in current open file directory(C:/Users/MADELYN/Desktop/ITClub/routes)
2025-11-14 11:33:03.817 [pool-3-thread-1] INFO  com.rs.mv.mvvs.client.catalog.from.scan.CurrentPathScanner - [client:400205]scan file in current open file directory(C:/Users/MADELYN/Desktop/ITClub/resources/js/pages/tabs)
2025-11-14 11:33:49.050 [pool-3-thread-1] INFO  com.rs.mv.mvvs.client.catalog.from.scan.CurrentPathScanner - [client:400205]scan file in current open file directory(C:/Users/MADELYN/Desktop/ITClub/routes)
2025-11-14 11:33:55.280 [pool-3-thread-1] INFO  com.rs.mv.mvvs.client.catalog.from.scan.CurrentPathScanner - [client:400205]scan file in current open file directory(C:/Users/MADELYN/Desktop/ITClub/app/Http/Controllers)
2025-11-14 11:34:17.079 [pool-3-thread-1] INFO  com.rs.mv.mvvs.client.catalog.from.scan.CurrentPathScanner - [client:400205]scan file in current open file directory(C:/Users/MADELYN/Desktop/ITClub/routes)
2025-11-14 11:34:18.706 [pool-3-thread-1] INFO  com.rs.mv.mvvs.client.catalog.from.scan.CurrentPathScanner - [client:400205]scan file in current open file directory(C:/Users/MADELYN/Desktop/ITClub/app/Http/Controllers)
2025-11-14 11:40:38.130 [pool-3-thread-1] INFO  com.rs.mv.mvvs.client.catalog.from.scan.CurrentPathScanner - [client:400205]scan file in current open file directory(C:/Users/MADELYN/Desktop/ITClub/app/Http/Controllers)
2025-11-14 11:40:42.998 [pool-3-thread-1] INFO  com.rs.mv.mvvs.client.catalog.from.scan.CurrentPathScanner - [client:400205]scan file in current open file directory(C:/Users/MADELYN/Desktop/ITClub/app/Http/Controllers)
2025-11-14 11:40:52.207 [pool-3-thread-1] INFO  com.rs.mv.mvvs.client.catalog.from.scan.CurrentPathScanner - [client:400205]scan file in current open file directory(C:/Users/MADELYN/Desktop/ITClub/app/Http/Controllers)
2025-11-14 11:40:53.844 [pool-3-thread-1] INFO  com.rs.mv.mvvs.client.catalog.from.scan.CurrentPathScanner - [client:400205]scan file in current open file directory(C:/Users/MADELYN/Desktop/ITClub/app/Http/Controllers)
2025-11-14 11:44:13.925 [pool-3-thread-1] INFO  com.rs.mv.mvvs.client.catalog.from.scan.CurrentPathScanner - [client:400205]scan file in current open file directory(C:/Users/MADELYN/Desktop/ITClub/app/Http/Controllers)
2025-11-14 11:46:22.199 [pool-3-thread-1] INFO  com.rs.mv.mvvs.client.catalog.from.scan.CurrentPathScanner - [client:400205]scan file in current open file directory(C:/Users/MADELYN/Desktop/ITClub/app/Http/Controllers)
2025-11-14 11:47:15.764 [pool-3-thread-1] INFO  com.rs.mv.mvvs.client.catalog.from.scan.CurrentPathScanner - [client:400205]scan file in current open file directory(C:/Users/MADELYN/Desktop/ITClub/app/Http/Controllers)
2025-11-14 11:51:14.484 [pool-3-thread-1] INFO  com.rs.mv.mvvs.client.catalog.from.scan.CurrentPathScanner - [client:400205]scan file in current open file directory(C:/Users/MADELYN/Desktop/ITClub/resources/js/pages)
2025-11-14 11:51:17.282 [pool-3-thread-1] INFO  com.rs.mv.mvvs.client.catalog.from.scan.CurrentPathScanner - [client:400205]scan file in current open file directory(C:/Users/MADELYN/Desktop/ITClub/app/Http/Controllers)
2025-11-14 11:51:19.844 [pool-3-thread-1] INFO  com.rs.mv.mvvs.client.catalog.from.scan.CurrentPathScanner - [client:400205]scan file in current open file directory(C:/Users/MADELYN/Desktop/ITClub/app/Http/Controllers)
2025-11-14 11:52:19.215 [pool-3-thread-1] INFO  com.rs.mv.mvvs.client.catalog.from.scan.CurrentPathScanner - [client:400205]scan file in current open file directory(C:/Users/MADELYN/Desktop/ITClub/resources/js/pages)
2025-11-14 11:52:36.628 [pool-3-thread-1] INFO  com.rs.mv.mvvs.client.catalog.from.scan.CurrentPathScanner - [client:400205]scan file in current open file directory(C:/Users/MADELYN/Desktop/ITClub/app/Http/Controllers)
2025-11-14 11:52:48.226 [pool-3-thread-1] INFO  com.rs.mv.mvvs.client.catalog.from.scan.CurrentPathScanner - [client:400205]scan file in current open file directory(C:/Users/MADELYN/Desktop/ITClub/resources/js/pages)
2025-11-14 11:55:44.788 [pool-3-thread-1] INFO  com.rs.mv.mvvs.client.catalog.from.scan.CurrentPathScanner - [client:400205]scan file in current open file directory(C:/Users/MADELYN/Desktop/ITClub/resources/js/pages/tabs)
2025-11-14 11:55:57.170 [pool-3-thread-1] INFO  com.rs.mv.mvvs.client.catalog.from.scan.CurrentPathScanner - [client:400205]scan file in current open file directory(C:/Users/MADELYN/Desktop/ITClub/resources/js/pages)
2025-11-14 11:56:05.097 [pool-3-thread-1] INFO  com.rs.mv.mvvs.client.catalog.from.scan.CurrentPathScanner - [client:400205]scan file in current open file directory(C:/Users/MADELYN/Desktop/ITClub/app/Http/Controllers)
2025-11-14 11:56:07.183 [pool-3-thread-1] INFO  com.rs.mv.mvvs.client.catalog.from.scan.CurrentPathScanner - [client:400205]scan file in current open file directory(C:/Users/MADELYN/Desktop/ITClub/resources/js/pages)
2025-11-14 11:56:12.008 [pool-3-thread-1] INFO  com.rs.mv.mvvs.client.catalog.from.scan.CurrentPathScanner - [client:400205]scan file in current open file directory(C:/Users/MADELYN/Desktop/ITClub/resources/js/pages/tabs)
2025-11-14 11:58:44.986 [pool-3-thread-1] INFO  com.rs.mv.mvvs.client.catalog.from.scan.CurrentPathScanner - [client:400205]scan file in current open file directory(C:/Users/MADELYN/Desktop/ITClub/resources/js/pages)
2025-11-14 11:58:59.684 [pool-3-thread-1] INFO  com.rs.mv.mvvs.client.catalog.from.scan.CurrentPathScanner - [client:400205]scan file in current open file directory(C:/Users/MADELYN/Desktop/ITClub/resources/js/pages/tabs)
2025-11-14 11:59:29.927 [pool-3-thread-1] INFO  com.rs.mv.mvvs.client.catalog.from.scan.CurrentPathScanner - [client:400205]scan file in current open file directory(C:/Users/MADELYN/Desktop/ITClub/resources/js/pages)
2025-11-14 12:00:02.140 [pool-3-thread-1] INFO  com.rs.mv.mvvs.client.catalog.from.scan.CurrentPathScanner - [client:400205]scan file in current open file directory(C:/Users/MADELYN/Desktop/ITClub/resources/js/pages/tabs)
2025-11-14 12:00:31.758 [pool-3-thread-1] INFO  com.rs.mv.mvvs.client.catalog.from.scan.CurrentPathScanner - [client:400205]scan file in current open file directory(C:/Users/MADELYN/Desktop/ITClub/resources/js/pages)
2025-11-14 12:00:44.442 [pool-3-thread-1] INFO  com.rs.mv.mvvs.client.catalog.from.scan.CurrentPathScanner - [client:400205]scan file in current open file directory(C:/Users/MADELYN/Desktop/ITClub/resources/js/pages/tabs)
2025-11-14 12:00:59.570 [pool-3-thread-1] INFO  com.rs.mv.mvvs.client.catalog.from.scan.CurrentPathScanner - [client:400205]scan file in current open file directory(C:/Users/MADELYN/Desktop/ITClub/resources/js/pages)
2025-11-14 12:01:03.309 [pool-3-thread-1] INFO  com.rs.mv.mvvs.client.catalog.from.scan.CurrentPathScanner - [client:400205]scan file in current open file directory(C:/Users/MADELYN/Desktop/ITClub/routes)
2025-11-14 12:01:22.082 [pool-3-thread-1] INFO  com.rs.mv.mvvs.client.catalog.from.scan.CurrentPathScanner - [client:400205]scan file in current open file directory(C:/Users/MADELYN/Desktop/ITClub/app/Http/Controllers)
2025-11-14 12:01:36.315 [pool-3-thread-1] INFO  com.rs.mv.mvvs.client.catalog.from.scan.CurrentPathScanner - [client:400205]scan file in current open file directory(C:/Users/MADELYN/Desktop/ITClub/routes)
2025-11-14 12:01:46.791 [pool-3-thread-1] INFO  com.rs.mv.mvvs.client.catalog.from.scan.CurrentPathScanner - [client:400205]scan file in current open file directory(C:/Users/MADELYN/Desktop/ITClub/app/Http/Controllers)
2025-11-14 12:02:05.354 [pool-3-thread-1] INFO  com.rs.mv.mvvs.client.catalog.from.scan.CurrentPathScanner - [client:400205]scan file in current open file directory(C:/Users/MADELYN/Desktop/ITClub/routes)
2025-11-14 12:02:27.566 [pool-3-thread-1] INFO  com.rs.mv.mvvs.client.catalog.from.scan.CurrentPathScanner - [client:400205]scan file in current open file directory(C:/Users/MADELYN/Desktop/ITClub/resources/js/pages)
2025-11-14 12:02:29.276 [pool-3-thread-1] INFO  com.rs.mv.mvvs.client.catalog.from.scan.CurrentPathScanner - [client:400205]scan file in current open file directory(C:/Users/MADELYN/Desktop/ITClub/app/Http/Controllers)
2025-11-14 12:02:38.950 [pool-3-thread-1] INFO  com.rs.mv.mvvs.client.catalog.from.scan.CurrentPathScanner - [client:400205]scan file in current open file directory(C:/Users/MADELYN/Desktop/ITClub/app/Http/Controllers)
2025-11-14 12:02:46.717 [pool-3-thread-1] INFO  com.rs.mv.mvvs.client.catalog.from.scan.CurrentPathScanner - [client:400205]scan file in current open file directory(C:/Users/MADELYN/Desktop/ITClub/app/Http/Controllers)
2025-11-14 12:02:53.444 [pool-3-thread-1] INFO  com.rs.mv.mvvs.client.catalog.from.scan.CurrentPathScanner - [client:400205]scan file in current open file directory(C:/Users/MADELYN/Desktop/ITClub/routes)
2025-11-14 12:03:42.994 [pool-3-thread-1] INFO  com.rs.mv.mvvs.client.catalog.from.scan.CurrentPathScanner - [client:400205]scan file in current open file directory(C:/Users/MADELYN/Desktop/ITClub/app/Http/Controllers)
2025-11-14 12:04:18.048 [pool-3-thread-1] INFO  com.rs.mv.mvvs.client.catalog.from.scan.CurrentPathScanner - [client:400205]scan file in current open file directory(C:/Users/MADELYN/Desktop/ITClub/resources/js/pages)
2025-11-14 12:04:56.059 [pool-3-thread-1] INFO  com.rs.mv.mvvs.client.catalog.from.scan.CurrentPathScanner - [client:400205]scan file in current open file directory(C:/Users/MADELYN/Desktop/ITClub/resources/js/pages/tabs)
2025-11-14 12:05:45.656 [pool-3-thread-1] INFO  com.rs.mv.mvvs.client.catalog.from.scan.CurrentPathScanner - [client:400205]scan file in current open file directory(C:/Users/MADELYN/Desktop/ITClub/routes)
2025-11-14 12:05:55.898 [pool-3-thread-1] INFO  com.rs.mv.mvvs.client.catalog.from.scan.CurrentPathScanner - [client:400205]scan file in current open file directory(C:/Users/MADELYN/Desktop/ITClub/app/Http/Controllers)
2025-11-14 12:06:39.696 [pool-3-thread-1] INFO  com.rs.mv.mvvs.client.catalog.from.scan.CurrentPathScanner - [client:400205]scan file in current open file directory(C:/Users/MADELYN/Desktop/ITClub/resources/js/pages)
2025-11-14 12:06:49.881 [pool-3-thread-1] INFO  com.rs.mv.mvvs.client.catalog.from.scan.CurrentPathScanner - [client:400205]scan file in current open file directory(C:/Users/MADELYN/Desktop/ITClub/app/Http/Controllers)
2025-11-14 12:06:52.263 [pool-3-thread-1] INFO  com.rs.mv.mvvs.client.catalog.from.scan.CurrentPathScanner - [client:400205]scan file in current open file directory(C:/Users/MADELYN/Desktop/ITClub/resources/js/pages/tabs)
2025-11-14 13:46:50.105 [main] WARN  com.rs.mv.mvvs.Startup - [LSP:100104]ROCKET MV BASIC EXTENSION exited
